# JRE version: OpenJDK Runtime Environment Microsoft-13106358 (17.0.18+8) (build 17.0.18+8-LTS)
# Java VM: OpenJDK 64-Bit Server VM Microsoft-13106358 (17.0.18+8-LTS, mixed mode, sharing, tiered, compressed oops, compressed class ptrs, g1 gc, windows-amd64)
GC Precious Log:
 CPUs: 8 total, 8 available
 Memory: 15781M
 Large Page Support: Disabled
 NUMA Support: Disabled
 Compressed Oops: Enabled (Zero based)
 Heap Region Size: 2M
 Heap Min Capacity: 8M
 Heap Initial Capacity: 248M
 Heap Max Capacity: 3946M
 Pre-touch: Disabled
 Parallel Workers: 8
 Concurrent Workers: 2
 Concurrent Refinement Workers: 8
 Periodic GC: Disabled
Heap:
 garbage-first heap   total 186368K, used 70863K [0x0000000709600000, 0x0000000800000000)
  region size 2048K, 4 young (8192K), 3 survivors (6144K)
 Metaspace       used 47943K, committed 48192K, reserved 1114112K
  class space    used 5602K, committed 5696K, reserved 1048576K
GC Heap History (18 events):
Event: 0.794 GC heap before
{Heap before GC invocations=0 (full 0):
 garbage-first heap   total 253952K, used 24576K [0x0000000709600000, 0x0000000800000000)
  region size 2048K, 11 young (22528K), 0 survivors (0K)
 Metaspace       used 6446K, committed 6528K, reserved 1114112K
  class space    used 586K, committed 640K, reserved 1048576K
}
Event: 0.798 GC heap after
{Heap after GC invocations=1 (full 0):
 garbage-first heap   total 253952K, used 6963K [0x0000000709600000, 0x0000000800000000)
  region size 2048K, 2 young (4096K), 2 survivors (4096K)
 Metaspace       used 6446K, committed 6528K, reserved 1114112K
  class space    used 586K, committed 640K, reserved 1048576K
}
Event: 1.672 GC heap before
{Heap before GC invocations=1 (full 0):
 garbage-first heap   total 253952K, used 41779K [0x0000000709600000, 0x0000000800000000)
  region size 2048K, 19 young (38912K), 2 survivors (4096K)
 Metaspace       used 14991K, committed 15296K, reserved 1114112K
  class space    used 1630K, committed 1792K, reserved 1048576K
}
Event: 1.677 GC heap after
{Heap after GC invocations=2 (full 0):
 garbage-first heap   total 253952K, used 12250K [0x0000000709600000, 0x0000000800000000)
  region size 2048K, 3 young (6144K), 3 survivors (6144K)
 Metaspace       used 14991K, committed 15296K, reserved 1114112K
  class space    used 1630K, committed 1792K, reserved 1048576K
}
Event: 2.632 GC heap before
{Heap before GC invocations=2 (full 0):
 garbage-first heap   total 253952K, used 92122K [0x0000000709600000, 0x0000000800000000)
  region size 2048K, 43 young (88064K), 3 survivors (6144K)
 Metaspace       used 21241K, committed 21504K, reserved 1114112K
  class space    used 2616K, committed 2752K, reserved 1048576K
}
Event: 2.654 GC heap after
{Heap after GC invocations=3 (full 0):
 garbage-first heap   total 253952K, used 36567K [0x0000000709600000, 0x0000000800000000)
  region size 2048K, 10 young (20480K), 10 survivors (20480K)
 Metaspace       used 21241K, committed 21504K, reserved 1114112K
  class space    used 2616K, committed 2752K, reserved 1048576K
}
Event: 3.016 GC heap before
{Heap before GC invocations=4 (full 0):
 garbage-first heap   total 131072K, used 48855K [0x0000000709600000, 0x0000000800000000)
  region size 2048K, 16 young (32768K), 10 survivors (20480K)
 Metaspace       used 23308K, committed 23616K, reserved 1114112K
  class space    used 3040K, committed 3136K, reserved 1048576K
}
Event: 3.064 GC heap after
{Heap after GC invocations=5 (full 0):
 garbage-first heap   total 131072K, used 40977K [0x0000000709600000, 0x0000000800000000)
  region size 2048K, 2 young (4096K), 2 survivors (4096K)
 Metaspace       used 23308K, committed 23616K, reserved 1114112K
  class space    used 3040K, committed 3136K, reserved 1048576K
}
Event: 5.830 GC heap before
{Heap before GC invocations=5 (full 0):
 garbage-first heap   total 131072K, used 83985K [0x0000000709600000, 0x0000000800000000)
  region size 2048K, 23 young (47104K), 2 survivors (4096K)
 Metaspace       used 32022K, committed 32320K, reserved 1114112K
  class space    used 3854K, committed 3968K, reserved 1048576K
}
Event: 5.865 GC heap after
{Heap after GC invocations=6 (full 0):
 garbage-first heap   total 131072K, used 44503K [0x0000000709600000, 0x0000000800000000)
  region size 2048K, 3 young (6144K), 3 survivors (6144K)
 Metaspace       used 32022K, committed 32320K, reserved 1114112K
  class space    used 3854K, committed 3968K, reserved 1048576K
}
Event: 6.980 GC heap before
{Heap before GC invocations=6 (full 0):
 garbage-first heap   total 131072K, used 64983K [0x0000000709600000, 0x0000000800000000)
  region size 2048K, 15 young (30720K), 3 survivors (6144K)
 Metaspace       used 35977K, committed 36160K, reserved 1114112K
  class space    used 4264K, committed 4352K, reserved 1048576K
}
Event: 6.991 GC heap after
{Heap after GC invocations=7 (full 0):
 garbage-first heap   total 131072K, used 48016K [0x0000000709600000, 0x0000000800000000)
  region size 2048K, 4 young (8192K), 4 survivors (8192K)
 Metaspace       used 35977K, committed 36160K, reserved 1114112K
  class space    used 4264K, committed 4352K, reserved 1048576K
}
Event: 8.268 GC heap before
{Heap before GC invocations=8 (full 0):
 garbage-first heap   total 131072K, used 91024K [0x0000000709600000, 0x0000000800000000)
  region size 2048K, 25 young (51200K), 4 survivors (8192K)
 Metaspace       used 41403K, committed 41664K, reserved 1114112K
  class space    used 4945K, committed 5056K, reserved 1048576K
}
Event: 8.287 GC heap after
{Heap after GC invocations=9 (full 0):
 garbage-first heap   total 131072K, used 57011K [0x0000000709600000, 0x0000000800000000)
  region size 2048K, 4 young (8192K), 4 survivors (8192K)
 Metaspace       used 41403K, committed 41664K, reserved 1114112K
  class space    used 4945K, committed 5056K, reserved 1048576K
}
Event: 10.540 GC heap before
{Heap before GC invocations=9 (full 0):
 garbage-first heap   total 131072K, used 93875K [0x0000000709600000, 0x0000000800000000)
  region size 2048K, 22 young (45056K), 4 survivors (8192K)
 Metaspace       used 46160K, committed 46464K, reserved 1114112K
  class space    used 5455K, committed 5568K, reserved 1048576K
}
Event: 10.577 GC heap after
{Heap after GC invocations=10 (full 0):
 garbage-first heap   total 131072K, used 64069K [0x0000000709600000, 0x0000000800000000)
  region size 2048K, 3 young (6144K), 3 survivors (6144K)
 Metaspace       used 46160K, committed 46464K, reserved 1114112K
  class space    used 5455K, committed 5568K, reserved 1048576K
}
Event: 12.768 GC heap before
{Heap before GC invocations=10 (full 0):
 garbage-first heap   total 131072K, used 96837K [0x0000000709600000, 0x0000000800000000)
  region size 2048K, 19 young (38912K), 3 survivors (6144K)
 Metaspace       used 47927K, committed 48192K, reserved 1114112K
  class space    used 5602K, committed 5696K, reserved 1048576K
}
Event: 12.804 GC heap after
{Heap after GC invocations=11 (full 0):
 garbage-first heap   total 186368K, used 70863K [0x0000000709600000, 0x0000000800000000)
  region size 2048K, 3 young (6144K), 3 survivors (6144K)
 Metaspace       used 47927K, committed 48192K, reserved 1114112K
  class space    used 5602K, committed 5696K, reserved 1048576K
}

